{
  "0 debug pnpm:scope": {
    "selected": 1
  },
  "1 debug pnpm:package-manifest": {
    "initial": {},
    "prefix": "/home/leodog896/.local/share/pnpm/store/v3/tmp/dlx-54799"
  },
  "2 debug pnpm:context": {
    "currentLockfileExists": false,
    "storeDir": "/home/leodog896/.local/share/pnpm/store/v3",
    "virtualStoreDir": "/home/leodog896/.local/share/pnpm/store/v3/tmp/dlx-54799/node_modules/.pnpm"
  },
  "3 debug pnpm:stage": {
    "prefix": "/home/leodog896/.local/share/pnpm/store/v3/tmp/dlx-54799",
    "stage": "resolution_started"
  },
  "4 error pnpm": {
    "code": "ERR_PNPM_FETCH_404",
    "hint": "--version is not in the npm registry, or you have no permission to fetch it.\n\nAn authorization header was used: Bearer npm_[hidden]",
    "request": {
      "authHeaderValue": "Bearer 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",
      "url": "https://registry.npmjs.org/--version"
    },
    "response": {
      "size": 0
    },
    "pkgName": "--version",
    "spec": {
      "fetchSpec": "latest",
      "name": "--version",
      "type": "tag"
    },
    "pkgsStack": [],
    "err": {
      "name": "pnpm",
      "message": "GET https://registry.npmjs.org/--version: Not Found - 404",
      "code": "ERR_PNPM_FETCH_404",
      "stack": "pnpm: GET https://registry.npmjs.org/--version: Not Found - 404\n    at RetryOperation._fn (/usr/local/lib/node_modules/pnpm/dist/pnpx.cjs:79483:19)\n    at processTicksAndRejections (node:internal/process/task_queues:96:5)"
    }
  }
}